[01m[K/home/parallels/ws01_pluming/src/cpp_time06/src/time.cpp:[m[K In member function â€˜[01m[Kvoid MyNode::demo_rate()[m[Kâ€™:
[01m[K/home/parallels/ws01_pluming/src/cpp_time06/src/time.cpp:18:5:[m[K [01;31m[Kerror: [m[Kexpected â€˜[01m[K;[m[Kâ€™ before â€˜[01m[Krate1[m[Kâ€™
   18 |     [01;31m[Krate1[m[K.sleep();
      |     [01;31m[K^~~~~[m[K
gmake[2]: *** [CMakeFiles/time.dir/build.make:76: CMakeFiles/time.dir/src/time.cpp.o] Error 1
gmake[1]: *** [CMakeFiles/Makefile2:137: CMakeFiles/time.dir/all] Error 2
gmake: *** [Makefile:146: all] Error 2
