[0.045s] Invoking command in '/home/parallels/ws01_pluming/src/build/cpp_param04': CMAKE_PREFIX_PATH=${CMAKE_PREFIX_PATH}:/opt/ros/iron /usr/bin/cmake /home/parallels/ws01_pluming/src/cpp_param04 -DCMAKE_INSTALL_PREFIX=/home/parallels/ws01_pluming/src/install/cpp_param04
[0.150s] -- The C compiler identification is GNU 11.4.0
[0.235s] -- The CXX compiler identification is GNU 11.4.0
[0.248s] -- Detecting C compiler ABI info
[0.311s] -- Detecting C compiler ABI info - done
[0.317s] -- Check for working C compiler: /usr/bin/cc - skipped
[0.318s] -- Detecting C compile features
[0.319s] -- Detecting C compile features - done
[0.327s] -- Detecting CXX compiler ABI info
[0.426s] -- Detecting CXX compiler ABI info - done
[0.426s] -- Check for working CXX compiler: /usr/bin/c++ - skipped
[0.426s] -- Detecting CXX compile features
[0.426s] -- Detecting CXX compile features - done
[0.437s] -- Found ament_cmake: 2.0.3 (/opt/ros/iron/share/ament_cmake/cmake)
[0.574s] -- Found Python3: /usr/bin/python3.10 (found version "3.10.12") found components: Interpreter 
[0.648s] -- Found rclcpp: 21.0.3 (/opt/ros/iron/share/rclcpp/cmake)
[0.694s] -- Found rosidl_generator_c: 4.0.1 (/opt/ros/iron/share/rosidl_generator_c/cmake)
[0.705s] -- Found rosidl_generator_cpp: 4.0.1 (/opt/ros/iron/share/rosidl_generator_cpp/cmake)
[0.722s] -- Using all available rosidl_typesupport_c: rosidl_typesupport_fastrtps_c;rosidl_typesupport_introspection_c
[0.740s] -- Using all available rosidl_typesupport_cpp: rosidl_typesupport_fastrtps_cpp;rosidl_typesupport_introspection_cpp
[0.892s] -- Found rmw_implementation_cmake: 7.1.0 (/opt/ros/iron/share/rmw_implementation_cmake/cmake)
[0.895s] -- Found rmw_fastrtps_cpp: 7.1.1 (/opt/ros/iron/share/rmw_fastrtps_cpp/cmake)
[0.981s] -- Found OpenSSL: /usr/lib/aarch64-linux-gnu/libcrypto.so (found version "3.0.2")  
[1.002s] -- Found FastRTPS: /opt/ros/iron/include  
[1.038s] -- Using RMW implementation 'rmw_fastrtps_cpp' as default
[1.197s] -- Found ament_lint_auto: 0.14.2 (/opt/ros/iron/share/ament_lint_auto/cmake)
[1.252s] -- Added test 'cppcheck' to perform static code analysis on C / C++ code
[1.252s] -- Configured cppcheck include dirs: $<BUILD_INTERFACE:/home/parallels/ws01_pluming/src/cpp_param04/include>
[1.252s] -- Configured cppcheck exclude dirs and/or files: 
[1.253s] -- Added test 'lint_cmake' to check CMake code style
[1.253s] -- Added test 'uncrustify' to check C / C++ code style
[1.253s] -- Configured uncrustify additional arguments: 
[1.254s] -- Added test 'xmllint' to check XML markup files
[1.255s] -- Configuring done
[1.267s] -- Generating done
[1.267s] -- Build files have been written to: /home/parallels/ws01_pluming/src/build/cpp_param04
[1.276s] Invoked command in '/home/parallels/ws01_pluming/src/build/cpp_param04' returned '0': CMAKE_PREFIX_PATH=${CMAKE_PREFIX_PATH}:/opt/ros/iron /usr/bin/cmake /home/parallels/ws01_pluming/src/cpp_param04 -DCMAKE_INSTALL_PREFIX=/home/parallels/ws01_pluming/src/install/cpp_param04
[1.276s] Invoking command in '/home/parallels/ws01_pluming/src/build/cpp_param04': CMAKE_PREFIX_PATH=${CMAKE_PREFIX_PATH}:/opt/ros/iron /usr/bin/cmake --build /home/parallels/ws01_pluming/src/build/cpp_param04 -- -j2 -l2
[1.333s] [ 25%] [32mBuilding CXX object CMakeFiles/param.dir/src/param.cpp.o[0m
[1.336s] [ 50%] [32mBuilding CXX object CMakeFiles/param_server.dir/src/param_server.cpp.o[0m
[1.356s] [01m[K/home/parallels/ws01_pluming/src/cpp_param04/src/param.cpp:1:10:[m[K [01;31m[Kfatal error: [m[Krclcpp/rclcpp.hpp: No such file or directory
[1.356s]     1 | #include [01;31m[K"rclcpp/rclcpp.hpp"[m[K
[1.356s]       |          [01;31m[K^~~~~~~~~~~~~~~~~~~[m[K
[1.356s] compilation terminated.
[1.357s] gmake[2]: *** [CMakeFiles/param.dir/build.make:76: CMakeFiles/param.dir/src/param.cpp.o] Error 1
[1.357s] gmake[1]: *** [CMakeFiles/Makefile2:165: CMakeFiles/param.dir/all] Error 2
[1.358s] gmake[1]: *** Waiting for unfinished jobs....
[1.388s] [ 75%] [32m[1mLinking CXX executable param_server[0m
[1.498s] [ 75%] Built target param_server
[1.500s] gmake: *** [Makefile:146: all] Error 2
[1.501s] Invoked command in '/home/parallels/ws01_pluming/src/build/cpp_param04' returned '2': CMAKE_PREFIX_PATH=${CMAKE_PREFIX_PATH}:/opt/ros/iron /usr/bin/cmake --build /home/parallels/ws01_pluming/src/build/cpp_param04 -- -j2 -l2
