[0.063s] Invoking command in '/home/parallels/ws01_pluming/src/build/cpp_time06': CMAKE_PREFIX_PATH=${CMAKE_PREFIX_PATH}:/opt/ros/iron /usr/bin/cmake /home/parallels/ws01_pluming/src/cpp_time06 -DCMAKE_INSTALL_PREFIX=/home/parallels/ws01_pluming/src/install/cpp_time06
[0.235s] -- The C compiler identification is GNU 11.4.0
[0.370s] -- The CXX compiler identification is GNU 11.4.0
[0.379s] -- Detecting C compiler ABI info
[0.457s] -- Detecting C compiler ABI info - done
[0.467s] -- Check for working C compiler: /usr/bin/cc - skipped
[0.467s] -- Detecting C compile features
[0.467s] -- Detecting C compile features - done
[0.467s] -- Detecting CXX compiler ABI info
[0.628s] -- Detecting CXX compiler ABI info - done
[0.628s] -- Check for working CXX compiler: /usr/bin/c++ - skipped
[0.628s] -- Detecting CXX compile features
[0.628s] -- Detecting CXX compile features - done
[0.644s] -- Found ament_cmake: 2.0.3 (/opt/ros/iron/share/ament_cmake/cmake)
[0.784s] -- Found Python3: /usr/bin/python3.10 (found version "3.10.12") found components: Interpreter 
[0.860s] -- Found ament_lint_auto: 0.14.2 (/opt/ros/iron/share/ament_lint_auto/cmake)
[0.917s] -- Added test 'cppcheck' to perform static code analysis on C / C++ code
[0.918s] -- Configured cppcheck include dirs: $<BUILD_INTERFACE:/home/parallels/ws01_pluming/src/cpp_time06/include>
[0.918s] -- Configured cppcheck exclude dirs and/or files: 
[0.918s] -- Added test 'lint_cmake' to check CMake code style
[0.919s] -- Added test 'uncrustify' to check C / C++ code style
[0.919s] -- Configured uncrustify additional arguments: 
[0.919s] -- Added test 'xmllint' to check XML markup files
[0.923s] -- Configuring done
[0.928s] -- Generating done
[0.928s] -- Build files have been written to: /home/parallels/ws01_pluming/src/build/cpp_time06
[0.930s] Invoked command in '/home/parallels/ws01_pluming/src/build/cpp_time06' returned '0': CMAKE_PREFIX_PATH=${CMAKE_PREFIX_PATH}:/opt/ros/iron /usr/bin/cmake /home/parallels/ws01_pluming/src/cpp_time06 -DCMAKE_INSTALL_PREFIX=/home/parallels/ws01_pluming/src/install/cpp_time06
[0.931s] Invoking command in '/home/parallels/ws01_pluming/src/build/cpp_time06': CMAKE_PREFIX_PATH=${CMAKE_PREFIX_PATH}:/opt/ros/iron /usr/bin/cmake --build /home/parallels/ws01_pluming/src/build/cpp_time06 -- -j2 -l2
[0.978s] [ 50%] [32mBuilding CXX object CMakeFiles/time.dir/src/time.cpp.o[0m
[0.987s] [01m[K/home/parallels/ws01_pluming/src/cpp_time06/src/time.cpp:1:10:[m[K [01;31m[Kfatal error: [m[Krclcpp/rclcpp.hpp: No such file or directory
[0.987s]     1 | #include [01;31m[K"rclcpp/rclcpp.hpp"[m[K
[0.987s]       |          [01;31m[K^~~~~~~~~~~~~~~~~~~[m[K
[0.987s] compilation terminated.
[0.989s] gmake[2]: *** [CMakeFiles/time.dir/build.make:76: CMakeFiles/time.dir/src/time.cpp.o] Error 1
[0.989s] gmake[1]: *** [CMakeFiles/Makefile2:137: CMakeFiles/time.dir/all] Error 2
[0.989s] gmake: *** [Makefile:146: all] Error 2
[0.991s] Invoked command in '/home/parallels/ws01_pluming/src/build/cpp_time06' returned '2': CMAKE_PREFIX_PATH=${CMAKE_PREFIX_PATH}:/opt/ros/iron /usr/bin/cmake --build /home/parallels/ws01_pluming/src/build/cpp_time06 -- -j2 -l2
